+ ld obj/kern/kernel
+ mk obj/kern/kernel.img
Could not open option rom 'sgabios.bin': No such file or directory
Physical memory: 66556K available, base = 640K, extended = 65532K
check_page_alloc() succeeded!
check_page() succeeded!
check_kern_pgdir() succeeded!
check_page_installed_pgdir() succeeded!
SMP: CPU 0 found 1 CPU(s)
enabled interrupts: 1 2
[00000000] new env 00001000
TRAP frame at 0xf02b1000 from CPU 0
  edi  0x00000000
  esi  0x00000000
  ebp  0xeebfdfd0
  oesp 0xefffffdc
  ebx  0x00000000
  edx  0x00000000
  ecx  0x00000000
  eax  0xeec00000
  es   0x----0023
  ds   0x----0023
  trap 0x0000000d General Protection
  err  0x00000072
  eip  0x00800037
  cs   0x----001b
  flag 0x00000246
  esp  0xeebfdfd0
  ss   0x----0023
[00001000] free env 00001000
No runnable environments in the system!
Welcome to the JOS kernel monitor!
Type 'help' for a list of commands.

QEMU: Terminated via GDBstub
